

Version:	3.50
CmdLine:	C:\Users\Lenovo\OneDrive\Documents\NetBeansProjects\Key_Master1\src\Resources\Keyboard Master.exe --l4j-debug
JNI:		No
WOW64:		Yes
Working dir:	C:\Users\Lenovo\OneDrive\Documents\NetBeansProjects\Key_Master1\src\Resources\.
Requires JDK:	No
Requires 64-Bit: No
Java min ver:	
Java max ver:	
JRE paths:	C:\Program Files\Java
Check launcher:	C:\Program Files\Java\bin\javaw.exe (not found)
Error msg:	This application requires a Java Runtime Environment.


Version:	3.50
CmdLine:	C:\Users\Lenovo\OneDrive\Documents\NetBeansProjects\Key_Master1\src\Resources\Keyboard Master.exe --l4j-debug
JNI:		No
WOW64:		Yes
Working dir:	C:\Users\Lenovo\OneDrive\Documents\NetBeansProjects\Key_Master1\src\Resources\.
Requires JDK:	No
Requires 64-Bit: No
Java min ver:	
Java max ver:	
JRE paths:	C:\Program Files\Java
Check launcher:	C:\Program Files\Java\bin\javaw.exe (not found)
Error msg:	This application requires a Java Runtime Environment.


Version:	3.50
CmdLine:	C:\Users\Lenovo\OneDrive\Documents\NetBeansProjects\Key_Master1\src\Resources\Keyboard Master.exe --l4j-debug
JNI:		No
WOW64:		Yes
Working dir:	C:\Users\Lenovo\OneDrive\Documents\NetBeansProjects\Key_Master1\src\Resources\.
Requires JDK:	No
Requires 64-Bit: No
Java min ver:	
Java max ver:	
JRE paths:	C:\Program Files\Java
Check launcher:	C:\Program Files\Java\bin\javaw.exe (not found)
Error msg:	This application requires a Java Runtime Environment.


Version:	3.50
CmdLine:	C:\Users\Lenovo\OneDrive\Documents\NetBeansProjects\Key_Master1\src\Resources\Keyboard Master.exe --l4j-debug
JNI:		No
WOW64:		Yes
Working dir:	C:\Users\Lenovo\OneDrive\Documents\NetBeansProjects\Key_Master1\src\Resources\.
Requires JDK:	No
Requires 64-Bit: No
Java min ver:	
Java max ver:	
JRE paths:	C:\Program Files\Java
Check launcher:	C:\Program Files\Java\bin\javaw.exe (not found)
Error msg:	This application requires a Java Runtime Environment.


Version:	3.50
CmdLine:	C:\Users\Lenovo\OneDrive\Documents\NetBeansProjects\Key_Master1\src\Resources\Keyboard Master.exe --l4j-debug
JNI:		No
WOW64:		Yes
Working dir:	C:\Users\Lenovo\OneDrive\Documents\NetBeansProjects\Key_Master1\src\Resources\.
Requires JDK:	No
Requires 64-Bit: No
Java min ver:	
Java max ver:	
JRE paths:	C:\Program Files\Java
Check launcher:	C:\Program Files\Java\bin\javaw.exe (not found)
Error msg:	This application requires a Java Runtime Environment.


Version:	3.50
CmdLine:	C:\Users\Lenovo\OneDrive\Documents\NetBeansProjects\Key_Master1\src\Resources\Keyboard Master.exe --l4j-debug
JNI:		No
WOW64:		Yes
Working dir:	C:\Users\Lenovo\OneDrive\Documents\NetBeansProjects\Key_Master1\src\Resources\.
Requires JDK:	No
Requires 64-Bit: No
Java min ver:	
Java max ver:	
JRE paths:	C:\Program Files\Java
Check launcher:	C:\Program Files\Java\bin\javaw.exe (not found)
Error msg:	This application requires a Java Runtime Environment.


Version:	3.50
CmdLine:	C:\Users\Lenovo\OneDrive\Documents\NetBeansProjects\Key_Master1\src\Resources\Keyboard Master.exe --l4j-debug
JNI:		No
WOW64:		Yes
Working dir:	C:\Users\Lenovo\OneDrive\Documents\NetBeansProjects\Key_Master1\src\Resources\.
Requires JDK:	No
Requires 64-Bit: No
Java min ver:	
Java max ver:	
JRE paths:	C:\Program Files\Java\jdk-17.0.3.1\bin
Check launcher:	C:\Program Files\Java\jdk-17.0.3.1\bin\javaw.exe (OK)
Warning:	formatJavaVersion() too many parts added.
Version string: 1.017.000_003 / 64-Bit (OK)
Launcher:	C:\Program Files\Java\jdk-17.0.3.1\bin\javaw.exe
Launcher args:	-jar "C:\Users\Lenovo\OneDrive\Documents\NetBeansProjects\Key_Master1\src\Resources\Keyboard Master.exe"
Args length:	104/32768 chars
Exit code:	0


Version:	3.50
CmdLine:	C:\Users\Lenovo\OneDrive\Documents\NetBeansProjects\Key_Master1\src\Resources\Keyboard Master.exe --l4j-debug
JNI:		No
WOW64:		Yes
Working dir:	C:\Users\Lenovo\OneDrive\Documents\NetBeansProjects\Key_Master1\src\Resources\.
Requires JDK:	No
Requires 64-Bit: No
Java min ver:	
Java max ver:	
JRE paths:	C:\Program Files\Java\jdk-17.0.3.1\bin
Check launcher:	C:\Program Files\Java\jdk-17.0.3.1\bin\javaw.exe (OK)
Warning:	formatJavaVersion() too many parts added.
Version string: 1.017.000_003 / 64-Bit (OK)
Launcher:	C:\Program Files\Java\jdk-17.0.3.1\bin\javaw.exe
Launcher args:	-jar "C:\Users\Lenovo\OneDrive\Documents\NetBeansProjects\Key_Master1\src\Resources\Keyboard Master.exe"
Args length:	104/32768 chars
Exit code:	0


Version:	3.50
CmdLine:	C:\Users\Lenovo\OneDrive\Documents\NetBeansProjects\Key_Master1\src\Resources\Keyboard Master.exe --l4j-debug
JNI:		No
WOW64:		Yes
Working dir:	C:\Users\Lenovo\OneDrive\Documents\NetBeansProjects\Key_Master1\src\Resources\.
Requires JDK:	No
Requires 64-Bit: No
Java min ver:	
Java max ver:	
JRE paths:	C:\Program Files\Java\jdk-17.0.3.1\bin
Check launcher:	C:\Program Files\Java\jdk-17.0.3.1\bin\javaw.exe (OK)
Warning:	formatJavaVersion() too many parts added.
Version string: 1.017.000_003 / 64-Bit (OK)
Launcher:	C:\Program Files\Java\jdk-17.0.3.1\bin\javaw.exe
Launcher args:	-jar "C:\Users\Lenovo\OneDrive\Documents\NetBeansProjects\Key_Master1\src\Resources\Keyboard Master.exe"
Args length:	104/32768 chars
Exit code:	0
